<?xml version="1.0" encoding="UTF-8"?>
<testng-results ignored="0" total="3" passed="2" failed="1" skipped="0">
  <reporter-output>
  </reporter-output>
  <suite started-at="2023-06-15T11:11:40 IST" name="Default suite" finished-at="2023-06-15T11:12:40 IST" duration-ms="60210">
    <groups>
    </groups>
    <test started-at="2023-06-15T11:11:40 IST" name="Default test" finished-at="2023-06-15T11:12:40 IST" duration-ms="60210">
      <class name="testclass.Practice_test">
        <test-method is-config="true" signature="setup()[pri:0, instance:testclass.Practice_test@8f4ea7c]" started-at="2023-06-15T11:11:40 IST" name="setup" finished-at="2023-06-15T11:11:59 IST" duration-ms="18408" status="PASS">
          <reporter-output>
          </reporter-output>
        </test-method> <!-- setup -->
        <test-method signature="radiobtn1()[pri:0, instance:testclass.Practice_test@8f4ea7c]" started-at="2023-06-15T11:11:59 IST" name="radiobtn1" finished-at="2023-06-15T11:11:59 IST" duration-ms="300" status="PASS">
          <reporter-output>
          </reporter-output>
        </test-method> <!-- radiobtn1 -->
        <test-method is-config="true" signature="setup()[pri:0, instance:testclass.Practice_test@8f4ea7c]" started-at="2023-06-15T11:11:59 IST" name="setup" finished-at="2023-06-15T11:12:15 IST" duration-ms="15960" status="PASS">
          <reporter-output>
          </reporter-output>
        </test-method> <!-- setup -->
        <test-method signature="radiobtn2()[pri:0, instance:testclass.Practice_test@8f4ea7c]" started-at="2023-06-15T11:12:15 IST" name="radiobtn2" finished-at="2023-06-15T11:12:15 IST" duration-ms="415" status="FAIL">
          <exception class="java.lang.AssertionError">
            <message>
              <![CDATA[expected [false] but found [true]]]>
            </message>
            <full-stacktrace>
              <![CDATA[java.lang.AssertionError: expected [false] but found [true]
at org.testng.Assert.fail(Assert.java:110)
at org.testng.Assert.failNotEquals(Assert.java:1577)
at org.testng.Assert.assertEqualsImpl(Assert.java:149)
at org.testng.Assert.assertEquals(Assert.java:131)
at org.testng.Assert.assertEquals(Assert.java:1066)
at org.testng.Assert.assertEquals(Assert.java:1030)
at org.testng.Assert.assertEquals(Assert.java:1076)
at testclass.Practice_test.radiobtn2(Practice_test.java:34)
at java.base/jdk.internal.reflect.DirectMethodHandleAccessor.invoke(DirectMethodHandleAccessor.java:104)
at java.base/java.lang.reflect.Method.invoke(Method.java:578)
at org.testng.internal.invokers.MethodInvocationHelper.invokeMethod(MethodInvocationHelper.java:139)
at org.testng.internal.invokers.TestInvoker.invokeMethod(TestInvoker.java:677)
at org.testng.internal.invokers.TestInvoker.invokeTestMethod(TestInvoker.java:221)
at org.testng.internal.invokers.MethodRunner.runInSequence(MethodRunner.java:50)
at org.testng.internal.invokers.TestInvoker$MethodInvocationAgent.invoke(TestInvoker.java:969)
at org.testng.internal.invokers.TestInvoker.invokeTestMethods(TestInvoker.java:194)
at org.testng.internal.invokers.TestMethodWorker.invokeTestMethods(TestMethodWorker.java:148)
at org.testng.internal.invokers.TestMethodWorker.run(TestMethodWorker.java:128)
at java.base/java.util.ArrayList.forEach(ArrayList.java:1511)
at org.testng.TestRunner.privateRun(TestRunner.java:829)
at org.testng.TestRunner.run(TestRunner.java:602)
at org.testng.SuiteRunner.runTest(SuiteRunner.java:437)
at org.testng.SuiteRunner.runSequentially(SuiteRunner.java:431)
at org.testng.SuiteRunner.privateRun(SuiteRunner.java:391)
at org.testng.SuiteRunner.run(SuiteRunner.java:330)
at org.testng.SuiteRunnerWorker.runSuite(SuiteRunnerWorker.java:52)
at org.testng.SuiteRunnerWorker.run(SuiteRunnerWorker.java:95)
at org.testng.TestNG.runSuitesSequentially(TestNG.java:1256)
at org.testng.TestNG.runSuitesLocally(TestNG.java:1176)
at org.testng.TestNG.runSuites(TestNG.java:1099)
at org.testng.TestNG.run(TestNG.java:1067)
at org.testng.remote.AbstractRemoteTestNG.run(AbstractRemoteTestNG.java:115)
at org.testng.remote.RemoteTestNG.initAndRun(RemoteTestNG.java:251)
at org.testng.remote.RemoteTestNG.main(RemoteTestNG.java:77)
]]>
            </full-stacktrace>
          </exception> <!-- java.lang.AssertionError -->
          <reporter-output>
          </reporter-output>
        </test-method> <!-- radiobtn2 -->
        <test-method is-config="true" signature="setup()[pri:0, instance:testclass.Practice_test@8f4ea7c]" started-at="2023-06-15T11:12:15 IST" name="setup" finished-at="2023-06-15T11:12:40 IST" duration-ms="24749" status="PASS">
          <reporter-output>
          </reporter-output>
        </test-method> <!-- setup -->
        <test-method signature="radiobtn3()[pri:0, instance:testclass.Practice_test@8f4ea7c]" started-at="2023-06-15T11:12:40 IST" name="radiobtn3" finished-at="2023-06-15T11:12:40 IST" duration-ms="288" status="PASS">
          <reporter-output>
          </reporter-output>
        </test-method> <!-- radiobtn3 -->
      </class> <!-- testclass.Practice_test -->
    </test> <!-- Default test -->
  </suite> <!-- Default suite -->
</testng-results>
